  2zadan.cpp
E:\!учеба\3 семестр\Логика\2 лаба\2_2_lab\2_2_lab\2zadan.cpp(15,15): warning C4244: аргумент: преобразование "time_t" в "unsigned int", возможна потеря данных
E:\!учеба\3 семестр\Логика\2 лаба\2_2_lab\2_2_lab\2zadan.cpp(105,39): warning C4244: =: преобразование "double" в "int", возможна потеря данных
E:\!учеба\3 семестр\Логика\2 лаба\2_2_lab\2_2_lab\2zadan.cpp(111,39): warning C4244: =: преобразование "double" в "int", возможна потеря данных
E:\!учеба\3 семестр\Логика\2 лаба\2_2_lab\2_2_lab\2zadan.cpp(117,39): warning C4244: =: преобразование "double" в "int", возможна потеря данных
E:\!учеба\3 семестр\Логика\2 лаба\2_2_lab\2_2_lab\2zadan.cpp(123,39): warning C4244: =: преобразование "double" в "int", возможна потеря данных
E:\!учеба\3 семестр\Логика\2 лаба\2_2_lab\2_2_lab\2zadan.cpp(131,39): warning C4244: =: преобразование "double" в "int", возможна потеря данных
E:\!учеба\3 семестр\Логика\2 лаба\2_2_lab\2_2_lab\2zadan.cpp(137,39): warning C4244: =: преобразование "double" в "int", возможна потеря данных
E:\!учеба\3 семестр\Логика\2 лаба\2_2_lab\2_2_lab\2zadan.cpp(143,39): warning C4244: =: преобразование "double" в "int", возможна потеря данных
E:\!учеба\3 семестр\Логика\2 лаба\2_2_lab\2_2_lab\2zadan.cpp(149,39): warning C4244: =: преобразование "double" в "int", возможна потеря данных
E:\!учеба\3 семестр\Логика\2 лаба\2_2_lab\2_2_lab\2zadan.cpp(157,39): warning C4244: =: преобразование "double" в "int", возможна потеря данных
E:\!учеба\3 семестр\Логика\2 лаба\2_2_lab\2_2_lab\2zadan.cpp(163,39): warning C4244: =: преобразование "double" в "int", возможна потеря данных
E:\!учеба\3 семестр\Логика\2 лаба\2_2_lab\2_2_lab\2zadan.cpp(169,39): warning C4244: =: преобразование "double" в "int", возможна потеря данных
E:\!учеба\3 семестр\Логика\2 лаба\2_2_lab\2_2_lab\2zadan.cpp(175,39): warning C4244: =: преобразование "double" в "int", возможна потеря данных
E:\!учеба\3 семестр\Логика\2 лаба\2_2_lab\2_2_lab\2zadan.cpp(178,12): warning C4477: "printf": в строке форматирования "%3.3lf" требуется аргумент типа "double", но вариативный аргумент "1" имеет тип "int"
E:\!учеба\3 семестр\Логика\2 лаба\2_2_lab\2_2_lab\2zadan.cpp(178,12): warning C4477: "printf": в строке форматирования "%3.3lf" требуется аргумент типа "double", но вариативный аргумент "2" имеет тип "int"
E:\!учеба\3 семестр\Логика\2 лаба\2_2_lab\2_2_lab\2zadan.cpp(178,12): warning C4477: "printf": в строке форматирования "%3.3lf" требуется аргумент типа "double", но вариативный аргумент "3" имеет тип "int"
E:\!учеба\3 семестр\Логика\2 лаба\2_2_lab\2_2_lab\2zadan.cpp(178,12): warning C4477: "printf": в строке форматирования "%3.3lf" требуется аргумент типа "double", но вариативный аргумент "4" имеет тип "int"
E:\!учеба\3 семестр\Логика\2 лаба\2_2_lab\2_2_lab\2zadan.cpp(179,12): warning C4477: "printf": в строке форматирования "%3.3lf" требуется аргумент типа "double", но вариативный аргумент "1" имеет тип "int"
E:\!учеба\3 семестр\Логика\2 лаба\2_2_lab\2_2_lab\2zadan.cpp(179,12): warning C4477: "printf": в строке форматирования "%3.3lf" требуется аргумент типа "double", но вариативный аргумент "2" имеет тип "int"
E:\!учеба\3 семестр\Логика\2 лаба\2_2_lab\2_2_lab\2zadan.cpp(179,12): warning C4477: "printf": в строке форматирования "%3.3lf" требуется аргумент типа "double", но вариативный аргумент "3" имеет тип "int"
E:\!учеба\3 семестр\Логика\2 лаба\2_2_lab\2_2_lab\2zadan.cpp(179,12): warning C4477: "printf": в строке форматирования "%3.3lf" требуется аргумент типа "double", но вариативный аргумент "4" имеет тип "int"
E:\!учеба\3 семестр\Логика\2 лаба\2_2_lab\2_2_lab\2zadan.cpp(180,12): warning C4477: "printf": в строке форматирования "%3.3lf" требуется аргумент типа "double", но вариативный аргумент "1" имеет тип "int"
E:\!учеба\3 семестр\Логика\2 лаба\2_2_lab\2_2_lab\2zadan.cpp(180,12): warning C4477: "printf": в строке форматирования "%3.3lf" требуется аргумент типа "double", но вариативный аргумент "2" имеет тип "int"
E:\!учеба\3 семестр\Логика\2 лаба\2_2_lab\2_2_lab\2zadan.cpp(180,12): warning C4477: "printf": в строке форматирования "%3.3lf" требуется аргумент типа "double", но вариативный аргумент "3" имеет тип "int"
E:\!учеба\3 семестр\Логика\2 лаба\2_2_lab\2_2_lab\2zadan.cpp(180,12): warning C4477: "printf": в строке форматирования "%3.3lf" требуется аргумент типа "double", но вариативный аргумент "4" имеет тип "int"
  2_2_lab.vcxproj -> E:\!учеба\3 семестр\Логика\2 лаба\2_2_lab\x64\Debug\2_2_lab.exe
